::1 - - [23/Jul/2025 11:07:13] "GET / HTTP/1.1" 304 -
::1 - - [23/Jul/2025 11:07:13] "GET /game.js HTTP/1.1" 304 -
::1 - - [23/Jul/2025 11:07:14] "GET / HTTP/1.1" 200 -
::1 - - [23/Jul/2025 11:07:14] "GET /styles.css HTTP/1.1" 200 -
::1 - - [23/Jul/2025 11:07:14] "GET /game.js HTTP/1.1" 200 -
::1 - - [23/Jul/2025 11:07:14] code 404, message File not found
::1 - - [23/Jul/2025 11:07:14] "GET /favicon.ico HTTP/1.1" 404 -
::1 - - [23/Jul/2025 11:08:35] "GET / HTTP/1.1" 200 -
::1 - - [23/Jul/2025 11:08:35] "GET /styles.css HTTP/1.1" 200 -
::1 - - [23/Jul/2025 11:08:35] "GET /game.js HTTP/1.1" 200 -
::1 - - [23/Jul/2025 11:08:35] code 404, message File not found
::1 - - [23/Jul/2025 11:08:35] "GET /favicon.ico HTTP/1.1" 404 -
::1 - - [23/Jul/2025 11:11:01] "GET / HTTP/1.1" 200 -
::1 - - [23/Jul/2025 11:11:01] "GET /game.js HTTP/1.1" 200 -
::1 - - [23/Jul/2025 11:11:01] "GET /styles.css HTTP/1.1" 200 -
::1 - - [23/Jul/2025 11:11:01] code 404, message File not found
::1 - - [23/Jul/2025 11:11:01] "GET /favicon.ico HTTP/1.1" 404 -
::1 - - [23/Jul/2025 11:19:14] "GET / HTTP/1.1" 200 -
::1 - - [23/Jul/2025 11:19:14] "GET /styles.css HTTP/1.1" 200 -
::1 - - [23/Jul/2025 11:19:14] "GET /game.js HTTP/1.1" 200 -
::1 - - [23/Jul/2025 11:19:14] code 404, message File not found
::1 - - [23/Jul/2025 11:19:14] "GET /favicon.ico HTTP/1.1" 404 -
::1 - - [23/Jul/2025 11:19:49] "GET /game.js HTTP/1.1" 304 -
::1 - - [23/Jul/2025 11:20:18] "GET / HTTP/1.1" 304 -
::1 - - [23/Jul/2025 11:20:18] "GET /game.js HTTP/1.1" 200 -
::1 - - [23/Jul/2025 11:20:44] "GET / HTTP/1.1" 200 -
::1 - - [23/Jul/2025 11:20:44] "GET /game.js HTTP/1.1" 200 -
::1 - - [23/Jul/2025 11:20:44] "GET /styles.css HTTP/1.1" 200 -
::1 - - [23/Jul/2025 11:20:44] code 404, message File not found
::1 - - [23/Jul/2025 11:20:44] "GET /favicon.ico HTTP/1.1" 404 -
::1 - - [23/Jul/2025 11:20:48] code 404, message File not found
::1 - - [23/Jul/2025 11:20:48] "GET /.well-known/appspecific/com.chrome.devtools.json HTTP/1.1" 404 -
::1 - - [23/Jul/2025 11:25:46] "GET / HTTP/1.1" 200 -
::1 - - [23/Jul/2025 11:25:46] "GET /styles.css HTTP/1.1" 200 -
::1 - - [23/Jul/2025 11:25:46] "GET /game.js HTTP/1.1" 200 -
::1 - - [23/Jul/2025 11:25:46] code 404, message File not found
::1 - - [23/Jul/2025 11:25:46] "GET /.well-known/appspecific/com.chrome.devtools.json HTTP/1.1" 404 -
::1 - - [23/Jul/2025 11:43:51] "GET / HTTP/1.1" 200 -
::1 - - [23/Jul/2025 11:43:51] "GET /styles.css HTTP/1.1" 200 -
::1 - - [23/Jul/2025 11:43:51] code 404, message File not found
::1 - - [23/Jul/2025 11:43:51] "GET /.well-known/appspecific/com.chrome.devtools.json HTTP/1.1" 404 -
::1 - - [23/Jul/2025 11:43:51] "GET /game.js HTTP/1.1" 200 -
::1 - - [23/Jul/2025 11:43:52] code 404, message File not found
::1 - - [23/Jul/2025 11:43:52] "GET /favicon.ico HTTP/1.1" 404 -
::1 - - [23/Jul/2025 11:58:04] "GET / HTTP/1.1" 200 -
::1 - - [23/Jul/2025 11:58:04] "GET /styles.css HTTP/1.1" 200 -
::1 - - [23/Jul/2025 11:58:04] "GET /game.js HTTP/1.1" 200 -
::1 - - [23/Jul/2025 11:58:04] code 404, message File not found
::1 - - [23/Jul/2025 11:58:04] "GET /favicon.ico HTTP/1.1" 404 -
::1 - - [23/Jul/2025 11:58:20] code 404, message File not found
::1 - - [23/Jul/2025 11:58:20] "GET /.well-known/appspecific/com.chrome.devtools.json HTTP/1.1" 404 -
::1 - - [23/Jul/2025 11:58:43] "GET / HTTP/1.1" 200 -
::1 - - [23/Jul/2025 11:58:43] "GET /styles.css HTTP/1.1" 200 -
::1 - - [23/Jul/2025 11:58:43] code 404, message File not found
::1 - - [23/Jul/2025 11:58:43] "GET /.well-known/appspecific/com.chrome.devtools.json HTTP/1.1" 404 -
::1 - - [23/Jul/2025 11:58:43] "GET /game.js HTTP/1.1" 200 -
::1 - - [23/Jul/2025 11:59:34] "GET / HTTP/1.1" 200 -
::1 - - [23/Jul/2025 11:59:34] code 404, message File not found
::1 - - [23/Jul/2025 11:59:34] "GET /.well-known/appspecific/com.chrome.devtools.json HTTP/1.1" 404 -
::1 - - [23/Jul/2025 11:59:34] "GET /styles.css HTTP/1.1" 200 -
::1 - - [23/Jul/2025 11:59:34] "GET /game.js HTTP/1.1" 200 -
::1 - - [23/Jul/2025 11:59:34] code 404, message File not found
::1 - - [23/Jul/2025 11:59:34] "GET /favicon.ico HTTP/1.1" 404 -
::1 - - [23/Jul/2025 12:00:03] "GET / HTTP/1.1" 200 -
::1 - - [23/Jul/2025 12:00:03] "GET /styles.css HTTP/1.1" 200 -
::1 - - [23/Jul/2025 12:00:03] "GET /game.js HTTP/1.1" 200 -
::1 - - [23/Jul/2025 12:01:52] "GET / HTTP/1.1" 200 -
::1 - - [23/Jul/2025 12:01:52] "GET /styles.css HTTP/1.1" 200 -
::1 - - [23/Jul/2025 12:01:52] "GET /game.js HTTP/1.1" 200 -
::1 - - [23/Jul/2025 12:01:52] code 404, message File not found
::1 - - [23/Jul/2025 12:01:52] "GET /favicon.ico HTTP/1.1" 404 -
::1 - - [23/Jul/2025 12:03:35] "GET / HTTP/1.1" 200 -
::1 - - [23/Jul/2025 12:03:35] "GET /styles.css HTTP/1.1" 200 -
::1 - - [23/Jul/2025 12:03:35] "GET /game.js HTTP/1.1" 200 -
::1 - - [23/Jul/2025 12:03:35] code 404, message File not found
::1 - - [23/Jul/2025 12:03:35] "GET /favicon.ico HTTP/1.1" 404 -
::1 - - [23/Jul/2025 12:05:55] "GET / HTTP/1.1" 200 -
::1 - - [23/Jul/2025 12:05:55] "GET /game.js HTTP/1.1" 200 -
::1 - - [23/Jul/2025 12:05:55] "GET /styles.css HTTP/1.1" 200 -
::1 - - [23/Jul/2025 12:05:55] code 404, message File not found
::1 - - [23/Jul/2025 12:05:55] "GET /favicon.ico HTTP/1.1" 404 -
